app/build/outputs/logs/manifest-merger-debug-report.txt
-- Merging decision tree log ---
manifest
ADDED from src\main\AndroidManifest.xml:2:1-71:12
	package
		ADDED from src\main\AndroidManifest.xml:3:5-45
		INJECTED from src\main\AndroidManifest.xml
		INJECTED from src\main\AndroidManifest.xml
	android:versionName
		ADDED from src\main\AndroidManifest.xml:5:5-30
		INJECTED from src\main\AndroidManifest.xml
		INJECTED from src\main\AndroidManifest.xml
	android:versionCode
		ADDED from src\main\AndroidManifest.xml:4:5-28
		INJECTED from src\main\AndroidManifest.xml
		INJECTED from src\main\AndroidManifest.xml
	xmlns:android
		ADDED from src\main\AndroidManifest.xml:2:11-69
uses-permission#android.permission.ACCESS_COARSE_LOCATION
ADDED from src\main\AndroidManifest.xml:7:5-81
	android:name
		ADDED from src\main\AndroidManifest.xml:7:22-78
uses-permission#android.permission.BLUETOOTH
ADDED from src\main\AndroidManifest.xml:8:5-68
	android:name
		ADDED from src\main\AndroidManifest.xml:8:22-65
uses-permission#android.permission.BLUETOOTH_ADMIN
ADDED from src\main\AndroidManifest.xml:9:5-74
	android:name
		ADDED from src\main\AndroidManifest.xml:9:22-71
uses-permission#android.permission.WRITE_EXTERNAL_STORAGE
ADDED from src\main\AndroidManifest.xml:10:5-81
	android:name
		ADDED from src\main\AndroidManifest.xml:10:22-78
uses-sdk
ADDED from src\main\AndroidManifest.xml:13:5-15:41
MERGED from [com.android.support:support-v4:23.1.1] AndroidManifest.xml:20:5-43
	android:targetSdkVersion
		ADDED from src\main\AndroidManifest.xml:15:9-38
		INJECTED from src\main\AndroidManifest.xml
		INJECTED from src\main\AndroidManifest.xml
	android:minSdkVersion
		ADDED from src\main\AndroidManifest.xml:14:9-35
		INJECTED from src\main\AndroidManifest.xml
		INJECTED from src\main\AndroidManifest.xml
application
ADDED from src\main\AndroidManifest.xml:17:5-69:19
MERGED from [com.android.support:support-v4:23.1.1] AndroidManifest.xml:22:5-20
	android:label
		ADDED from src\main\AndroidManifest.xml:20:9-41
	android:allowBackup
		ADDED from src\main\AndroidManifest.xml:18:9-35
	android:icon
		ADDED from src\main\AndroidManifest.xml:19:9-46
	android:theme
		ADDED from src\main\AndroidManifest.xml:21:9-40
activity#com.choosemuse.example.libmuse.Home
ADDED from src\main\AndroidManifest.xml:22:9-31:20
	android:screenOrientation
		ADDED from src\main\AndroidManifest.xml:24:13-49
	android:label
		ADDED from src\main\AndroidManifest.xml:25:13-45
	android:name
		ADDED from src\main\AndroidManifest.xml:23:13-63
intent-filter#android.intent.action.MAIN+android.intent.category.LAUNCHER
ADDED from src\main\AndroidManifest.xml:26:13-30:29
action#android.intent.action.MAIN
ADDED from src\main\AndroidManifest.xml:27:17-69
	android:name
		ADDED from src\main\AndroidManifest.xml:27:25-66
category#android.intent.category.LAUNCHER
ADDED from src\main\AndroidManifest.xml:29:17-77
	android:name
		ADDED from src\main\AndroidManifest.xml:29:27-74
activity#com.choosemuse.example.libmuse.MainActivity
ADDED from src\main\AndroidManifest.xml:32:7-37:16
	android:screenOrientation
		ADDED from src\main\AndroidManifest.xml:34:7-43
	android:label
		ADDED from src\main\AndroidManifest.xml:35:7-39
	android:name
		ADDED from src\main\AndroidManifest.xml:33:7-65
activity#com.choosemuse.example.libmuse.Timer
ADDED from src\main\AndroidManifest.xml:38:7-43:18
	android:screenOrientation
		ADDED from src\main\AndroidManifest.xml:40:9-45
	android:label
		ADDED from src\main\AndroidManifest.xml:41:9-41
	android:name
		ADDED from src\main\AndroidManifest.xml:39:9-60
activity#com.choosemuse.example.libmuse.About
ADDED from src\main\AndroidManifest.xml:44:7-49:18
	android:screenOrientation
		ADDED from src\main\AndroidManifest.xml:46:9-45
	android:label
		ADDED from src\main\AndroidManifest.xml:47:9-41
	android:name
		ADDED from src\main\AndroidManifest.xml:45:9-60
activity#com.choosemuse.example.libmuse.Settings
ADDED from src\main\AndroidManifest.xml:50:7-55:18
	android:screenOrientation
		ADDED from src\main\AndroidManifest.xml:52:9-45
	android:label
		ADDED from src\main\AndroidManifest.xml:53:9-41
	android:name
		ADDED from src\main\AndroidManifest.xml:51:9-63
activity#com.choosemuse.example.libmuse.ViewData
ADDED from src\main\AndroidManifest.xml:56:7-61:16
	android:screenOrientation
		ADDED from src\main\AndroidManifest.xml:58:7-43
	android:label
		ADDED from src\main\AndroidManifest.xml:59:7-39
	android:name
		ADDED from src\main\AndroidManifest.xml:57:7-61
activity#com.choosemuse.example.libmuse.Finish
ADDED from src\main\AndroidManifest.xml:62:7-67:18
	android:screenOrientation
		ADDED from src\main\AndroidManifest.xml:64:9-45
	android:label
		ADDED from src\main\AndroidManifest.xml:65:9-41
	android:name
		ADDED from src\main\AndroidManifest.xml:63:9-61